<navigation:ExamplePage xmlns:navigation="navigation/example-page" loaded="onPageLoaded" xmlns:lv="nativescript-ui-listview" xmlns="http://www.nativescript.org/tns.xsd">
    <lv:RadListView>
        <lv:RadListView.itemTemplate>
            <StackLayout orientation="vertical">
                <Label fontSize="20" text="Test"/>
                <Label fontSize="14" text="Test"/>
            </StackLayout>
        </lv:RadListView.itemTemplate>
    </lv:RadListView>
</navigation:ExamplePage>